<?xml version="1.0" encoding="UTF-8"?>
<!-- Generated by org.testng.reporters.JUnitReportReporter -->
<testsuite hostname="LAPTOP-NRV6U1QL" failures="0" tests="1" name="com.graft.AppTest" time="5.705" errors="0" timestamp="6 May 2022 06:11:31 GMT">
  <testcase classname="com.graft.AppTest" name="Register" time="5.705"/>
</testsuite> <!-- com.graft.AppTest -->
