<?xml version="1.0" encoding="UTF-8"?>
<!-- Generated by org.testng.reporters.JUnitReportReporter -->
<testsuite hostname="LAPTOP-NRV6U1QL" failures="0" tests="1" name="com.graft.AppTest" time="10.410" errors="0" timestamp="4 May 2022 17:25:26 GMT">
  <testcase classname="com.graft.AppTest" name="Register" time="10.410"/>
</testsuite> <!-- com.graft.AppTest -->
