<?xml version="1.0" encoding="UTF-8"?>
<!-- Generated by org.testng.reporters.JUnitReportReporter -->
<testsuite hostname="LAPTOP-NRV6U1QL" failures="0" tests="3" name="Mindler.Testing.MindlerScript" time="55.652" errors="0" timestamp="25 Feb 2022 16:41:29 GMT">
  <testcase classname="Mindler.Testing.MindlerScript" name="MindlerICCC" time="55.527"/>
  <testcase classname="Mindler.Testing.MindlerScript" name="MindlerRegister" time="0.013"/>
  <testcase classname="Mindler.Testing.MindlerScript" name="MindlerPartner" time="0.112"/>
</testsuite> <!-- Mindler.Testing.MindlerScript -->
