<?xml version="1.0" encoding="UTF-8"?>
<!-- Generated by org.testng.reporters.JUnitReportReporter -->
<testsuite hostname="LAPTOP-NRV6U1QL" failures="0" tests="1" name="com.mindler.Mindler_RegisterTest" time="26.928" errors="0" timestamp="23 Feb 2022 05:52:43 GMT">
  <testcase classname="com.mindler.Mindler_RegisterTest" name="mainTest" time="26.928"/>
</testsuite> <!-- com.mindler.Mindler_RegisterTest -->
