<?xml version="1.0" encoding="UTF-8"?>
<!-- Generated by org.testng.reporters.JUnitReportReporter -->
<testsuite hostname="LAPTOP-NRV6U1QL" failures="0" tests="1" name="com.mindler.Mindler_Register" time="25.763" errors="0" timestamp="23 Feb 2022 08:35:38 GMT">
  <testcase classname="com.mindler.Mindler_Register" name="Register" time="25.763"/>
</testsuite> <!-- com.mindler.Mindler_Register -->
